<?xml version="1.0" encoding="UTF-8"?>
<!-- Generated by org.testng.reporters.JUnitXMLReporter -->
<testsuite hostname="Lenovo" ignored="0" name="Default test" tests="3" failures="0" timestamp="2022-10-08T14:50:24 IST" time="0.573" errors="0">
  <testcase name="facebook" time="0.074" classname="com.TestNG.ParallelTest_Concept"/>
  <testcase name="instagram" time="0.005" classname="com.TestNG.ParallelTest_Concept"/>
  <testcase name="whatsapp" time="0.009" classname="com.TestNG.ParallelTest_Concept"/>
</testsuite> <!-- Default test -->
