<?xml version="1.0" encoding="UTF-8"?>
<!-- Generated by org.testng.reporters.JUnitXMLReporter -->
<testsuite hostname="Lenovo" ignored="0" name="Test" tests="3" failures="0" timestamp="2022-10-08T14:56:34 IST" time="0.646" errors="0">
  <testcase name="facebook" time="0.18" classname="com.TestNG.ParallelTest_Concept"/>
  <testcase name="whatsapp" time="0.189" classname="com.TestNG.ParallelTest_Concept"/>
  <testcase name="instagram" time="0.314" classname="com.TestNG.ParallelTest_Concept"/>
</testsuite> <!-- Test -->
