<?xml version="1.0" encoding="UTF-8"?>
<testng-results skipped="0" failed="0" ignored="0" total="3" passed="3">
  <reporter-output>
  </reporter-output>
  <suite name="Suite" duration-ms="646" started-at="2022-10-08T14:56:34 IST" finished-at="2022-10-08T14:56:34 IST">
    <groups>
    </groups>
    <test name="Test" duration-ms="646" started-at="2022-10-08T14:56:34 IST" finished-at="2022-10-08T14:56:34 IST">
      <class name="com.TestNG.ParallelTest_Concept">
        <test-method status="PASS" signature="whatsapp()[pri:0, instance:com.TestNG.ParallelTest_Concept@2173f6d9]" name="whatsapp" duration-ms="189" started-at="2022-10-08T14:56:34 IST" finished-at="2022-10-08T14:56:34 IST">
          <reporter-output>
          </reporter-output>
        </test-method> <!-- whatsapp -->
        <test-method status="PASS" signature="facebook()[pri:0, instance:com.TestNG.ParallelTest_Concept@2173f6d9]" name="facebook" duration-ms="180" started-at="2022-10-08T14:56:34 IST" finished-at="2022-10-08T14:56:34 IST">
          <reporter-output>
          </reporter-output>
        </test-method> <!-- facebook -->
        <test-method status="PASS" signature="instagram()[pri:0, instance:com.TestNG.ParallelTest_Concept@2173f6d9]" name="instagram" duration-ms="314" started-at="2022-10-08T14:56:34 IST" finished-at="2022-10-08T14:56:34 IST">
          <reporter-output>
          </reporter-output>
        </test-method> <!-- instagram -->
      </class> <!-- com.TestNG.ParallelTest_Concept -->
    </test> <!-- Test -->
  </suite> <!-- Suite -->
</testng-results>
